<?xml version="1.0" encoding="UTF-8"?>
<testng-results ignored="0" total="1" passed="1" failed="0" skipped="0">
  <reporter-output>
  </reporter-output>
  <suite started-at="2023-02-15T17:32:28 IST" name="Default suite" finished-at="2023-02-15T17:32:51 IST" duration-ms="22887">
    <groups>
    </groups>
    <test started-at="2023-02-15T17:32:28 IST" name="Default test" finished-at="2023-02-15T17:32:51 IST" duration-ms="22887">
      <class name="seleniumPRACTICE.SpurtTC">
        <test-method signature="addProduct()[pri:0, instance:seleniumPRACTICE.SpurtTC@2177849e]" started-at="2023-02-15T17:32:29 IST" name="addProduct" finished-at="2023-02-15T17:32:51 IST" duration-ms="22848" status="PASS">
          <reporter-output>
          </reporter-output>
        </test-method> <!-- addProduct -->
      </class> <!-- seleniumPRACTICE.SpurtTC -->
    </test> <!-- Default test -->
  </suite> <!-- Default suite -->
</testng-results>
