<?xml version="1.0" encoding="UTF-8"?>
<!-- Generated by org.testng.reporters.JUnitXMLReporter -->
<testsuite ignored="0" hostname="Naveen" failures="0" tests="10" name="Default test" time="132.636" errors="0" timestamp="2023-03-06T10:45:35 IST">
  <testcase classname="TestCases.ElectronicsTC" name="buySuroskie" time="15.858"/>
  <testcase classname="TestCases.ElectronicsTC" name="buyOneplusBand" time="11.961"/>
  <testcase classname="TestCases.ElectronicsTC" name="buyMotorola" time="12.555"/>
  <testcase classname="TestCases.ElectronicsTC" name="buyBoatSpeaker" time="12.166"/>
  <testcase classname="TestCases.ElectronicsTC" name="buySonyTv" time="13.151"/>
  <testcase classname="TestCases.ElectronicsTC" name="buyAmazonTv" time="11.666"/>
  <testcase classname="TestCases.ElectronicsTC" name="buyTvWallMount" time="11.57"/>
  <testcase classname="TestCases.ElectronicsTC" name="buyPluto" time="11.348"/>
  <testcase classname="TestCases.ElectronicsTC" name="buySpeakerPrdt" time="11.237"/>
  <testcase classname="TestCases.ElectronicsTC" name="buyAcidEye" time="11.546"/>
</testsuite> <!-- Default test -->
