<?xml version="1.0" encoding="UTF-8"?>
<!-- Generated by org.testng.reporters.JUnitXMLReporter -->
<testsuite ignored="5" hostname="Naveen" failures="0" tests="1" name="Test" time="7.252" errors="0" timestamp="2023-02-18T16:25:39 IST">
  <testcase classname="TestCases.ElectronicsTC" name="signout" time="1.549"/>
  <testcase classname="TestCases.ElectronicsTC" name="buyAdminProduct" time="0.0">
    <ignored/>
  </testcase> <!-- buyAdminProduct -->
  <testcase classname="TestCases.ElectronicsTC" name="buyMiTV" time="0.0">
    <ignored/>
  </testcase> <!-- buyMiTV -->
  <testcase classname="TestCases.ElectronicsTC" name="electronicsPage" time="0.0">
    <ignored/>
  </testcase> <!-- electronicsPage -->
  <testcase classname="TestCases.ElectronicsTC" name="buyVendorQnA" time="0.0">
    <ignored/>
  </testcase> <!-- buyVendorQnA -->
  <testcase classname="TestCases.ElectronicsTC" name="buyAdminVarient" time="0.0">
    <ignored/>
  </testcase> <!-- buyAdminVarient -->
</testsuite> <!-- Test -->
