<?xml version="1.0" encoding="UTF-8"?>
<!-- Generated by org.testng.reporters.JUnitXMLReporter -->
<testsuite ignored="0" hostname="picco" failures="0" tests="0" time="0.01" errors="0" timestamp="2023-01-31T19:42:30 IST">
  <testcase classname="pageObject.Common" name="@BeforeSuite launchBrowser" time="0.018">
    <failure type="java.io.FileNotFoundException" message="configProp (No such file or directory)">
      <![CDATA[java.io.FileNotFoundException: configProp (No such file or directory)
at java.base/java.io.FileInputStream.open0(Native Method)
at java.base/java.io.FileInputStream.open(FileInputStream.java:216)
at java.base/java.io.FileInputStream.<init>(FileInputStream.java:157)
at java.base/java.io.FileInputStream.<init>(FileInputStream.java:111)
at pageObject.Common.propertyFile(Common.java:17)
at pageObject.Common.launchBrowser(Common.java:25)
... Removed 19 stack frames]]>
    </failure>
  </testcase> <!-- @BeforeSuite launchBrowser -->
</testsuite>
