<?xml version="1.0" encoding="UTF-8"?>
<!-- Generated by org.testng.reporters.JUnitXMLReporter -->
<testsuite ignored="0" hostname="picco" failures="0" tests="6" name="testcase " time="10.288" errors="0" timestamp="2023-01-24T15:27:55 IST">
  <testcase classname="testNG.DriveTheCar" name="startTheCar" time="0.007"/>
  <testcase classname="testNG.DriveTheCar" name="driveCar" time="0.002"/>
  <testcase classname="testNG.DriveTheCar" name="stopCar" time="0.001"/>
  <testcase classname="testNG.Sample" name="openTwitter" time="4.894"/>
  <testcase classname="testNG.Sample" name="openInsta" time="4.367"/>
  <testcase classname="testNG.Sample" name="openFB" time="0.968"/>
</testsuite> <!-- testcase  -->
