<?xml version="1.0" encoding="UTF-8"?>
<!-- Generated by org.testng.reporters.JUnitXMLReporter -->
<testsuite ignored="0" hostname="Naveen" failures="0" tests="5" name="SportMenuTest" time="76.075" errors="0" timestamp="2023-02-21T11:19:20 IST">
  <testcase classname="TestCases.SportsTC" name="grandPiano" time="15.07"/>
  <testcase classname="TestCases.SportsTC" name="badminton" time="10.453"/>
  <testcase classname="TestCases.SportsTC" name="cricketKit" time="9.567"/>
  <testcase classname="TestCases.SportsTC" name="footBall" time="9.785"/>
  <testcase classname="TestCases.SportsTC" name="keyBoard" time="11.61"/>
</testsuite> <!-- SportMenuTest -->
