<?xml version="1.0" encoding="UTF-8"?>
<!-- Generated by org.testng.reporters.JUnitXMLReporter -->
<testsuite ignored="0" hostname="Naveen" failures="0" tests="10" name="Default test(failed)" time="126.09" errors="0" timestamp="2023-03-04T10:26:05 IST">
  <testcase classname="TestCases.ElectronicsTC" name="buySuroskie" time="13.826"/>
  <testcase classname="TestCases.ElectronicsTC" name="buyOneplusBand" time="11.44"/>
  <testcase classname="TestCases.ElectronicsTC" name="buyMotorola" time="11.966"/>
  <testcase classname="TestCases.ElectronicsTC" name="buyBoatSpeaker" time="11.276"/>
  <testcase classname="TestCases.ElectronicsTC" name="buySonyTv" time="11.324"/>
  <testcase classname="TestCases.ElectronicsTC" name="buyAmazonTv" time="11.69"/>
  <testcase classname="TestCases.ElectronicsTC" name="buyTvWallMount" time="11.363"/>
  <testcase classname="TestCases.ElectronicsTC" name="buyPluto" time="11.436"/>
  <testcase classname="TestCases.ElectronicsTC" name="buySpeakerPrdt" time="11.567"/>
  <testcase classname="TestCases.ElectronicsTC" name="buyAcidEye" time="11.554"/>
</testsuite> <!-- Default test(failed) -->
