<?xml version="1.0" encoding="UTF-8"?>
<!-- Generated by org.testng.reporters.JUnitXMLReporter -->
<testsuite ignored="0" hostname="picco" failures="0" tests="0" time="0.009" errors="0" timestamp="2023-01-31T19:22:17 IST">
  <testcase classname="pOMFrameWork.CommonObjects" name="@BeforeSuite launchBrowser" time="0.007">
    <failure type="java.lang.NullPointerException" message="Cannot invoke &amp;quot;java.util.Properties.getProperty(String)&amp;quot; because &amp;quot;pOMFrameWork.CommonObjects.properties&amp;quot; is null">
      <![CDATA[java.lang.NullPointerException: Cannot invoke "java.util.Properties.getProperty(String)" because "pOMFrameWork.CommonObjects.properties" is null
at pOMFrameWork.CommonObjects.launchBrowser(CommonObjects.java:29)
... Removed 19 stack frames]]>
    </failure>
  </testcase> <!-- @BeforeSuite launchBrowser -->
</testsuite>
