<?xml version="1.0" encoding="UTF-8"?>
<testng-results ignored="0" total="1" passed="1" failed="0" skipped="0">
  <reporter-output>
  </reporter-output>
  <suite started-at="2023-03-31T15:50:40 IST" name="Default suite" finished-at="2023-03-31T15:50:57 IST" duration-ms="16803">
    <groups>
    </groups>
    <test started-at="2023-03-31T15:50:40 IST" name="Default test" finished-at="2023-03-31T15:50:57 IST" duration-ms="16803">
      <class name="hooks.hooks">
        <test-method signature="SetUpBrowser()[pri:0, instance:hooks.hooks@290222c1]" started-at="2023-03-31T15:50:40 IST" name="SetUpBrowser" finished-at="2023-03-31T15:50:57 IST" duration-ms="16748" status="PASS">
          <reporter-output>
          </reporter-output>
        </test-method> <!-- SetUpBrowser -->
      </class> <!-- hooks.hooks -->
    </test> <!-- Default test -->
  </suite> <!-- Default suite -->
</testng-results>
