<?xml version="1.0" encoding="UTF-8"?>
<!-- Generated by org.testng.reporters.JUnitXMLReporter -->
<testsuite ignored="1" hostname="picco" failures="1" tests="1" name="Default test(failed)" time="0.037" errors="0" timestamp="2023-02-02T16:46:38 IST">
  <testcase classname="flipkart.FlipkartTestCase" name="flipkartHome" time="0.007">
    <failure type="java.lang.NullPointerException" message="Cannot invoke &amp;quot;org.openqa.selenium.WebElement.click()&amp;quot; because &amp;quot;flipkart.FlipkartObjects.flipkartHome&amp;quot; is null">
      <![CDATA[java.lang.NullPointerException: Cannot invoke "org.openqa.selenium.WebElement.click()" because "flipkart.FlipkartObjects.flipkartHome" is null
at flipkart.FlipkartTestCase.flipkartHome(FlipkartTestCase.java:32)
at java.base/java.util.ArrayList.forEach(ArrayList.java:1511)
... Removed 27 stack frames]]>
    </failure>
  </testcase> <!-- flipkartHome -->
  <testcase classname="flipkart.FlipkartTestCase" name="launchBrowser" time="0.0">
    <ignored/>
  </testcase> <!-- launchBrowser -->
</testsuite> <!-- Default test(failed) -->
