<?xml version="1.0" encoding="UTF-8"?>
<!-- Generated by org.testng.reporters.JUnitXMLReporter -->
<testsuite ignored="0" hostname="picco" failures="0" tests="20" name="functional" time="0.152" errors="0" timestamp="2023-01-31T18:54:45 IST">
  <testcase classname="testNG.MyshaaJob" name="@BeforeSuite launchTheBrowser" time="2.497">
    <failure type="org.openqa.selenium.NoSuchWindowException" message="no such window: target window already closed
from unknown error: web view not found
  (Session info: chrome=109.0.5414.74)
Build info: version: &amp;apos;4.7.2&amp;apos;, revision: &amp;apos;4d4020c3b7&amp;apos;
System info: os.name: &amp;apos;Linux&amp;apos;, os.arch: &amp;apos;amd64&amp;apos;, os.version: &amp;apos;5.15.0-58-generic&amp;apos;, java.version: &amp;apos;17.0.5&amp;apos;
Driver info: org.openqa.selenium.chrome.ChromeDriver
Command: [e1f3bec0672db9ce49458679492a9f27, maximizeCurrentWindow {}]
Capabilities {acceptInsecureCerts: false, browserName: chrome, browserVersion: 109.0.5414.74, chrome: {chromedriverVersion: 109.0.5414.74 (e7c5703604da..., userDataDir: /tmp/.com.google.Chrome.NG6d5s}, goog:chromeOptions: {debuggerAddress: localhost:42667}, networkConnectionEnabled: false, pageLoadStrategy: normal, platformName: LINUX, proxy: Proxy(), se:cdp: ws://localhost:42667/devtoo..., se:cdpVersion: 109.0.5414.74, setWindowRect: true, strictFileInteractability: false, timeouts: {implicit: 0, pageLoad: 300000, script: 30000}, unhandledPromptBehavior: dismiss and notify, webauthn:extension:credBlob: true, webauthn:extension:largeBlob: true, webauthn:virtualAuthenticators: true}
Session ID: e1f3bec0672db9ce49458679492a9f27">
      <![CDATA[org.openqa.selenium.NoSuchWindowException: no such window: target window already closed
from unknown error: web view not found
  (Session info: chrome=109.0.5414.74)
Build info: version: '4.7.2', revision: '4d4020c3b7'
System info: os.name: 'Linux', os.arch: 'amd64', os.version: '5.15.0-58-generic', java.version: '17.0.5'
Driver info: org.openqa.selenium.chrome.ChromeDriver
Command: [e1f3bec0672db9ce49458679492a9f27, maximizeCurrentWindow {}]
Capabilities {acceptInsecureCerts: false, browserName: chrome, browserVersion: 109.0.5414.74, chrome: {chromedriverVersion: 109.0.5414.74 (e7c5703604da..., userDataDir: /tmp/.com.google.Chrome.NG6d5s}, goog:chromeOptions: {debuggerAddress: localhost:42667}, networkConnectionEnabled: false, pageLoadStrategy: normal, platformName: LINUX, proxy: Proxy(), se:cdp: ws://localhost:42667/devtoo..., se:cdpVersion: 109.0.5414.74, setWindowRect: true, strictFileInteractability: false, timeouts: {implicit: 0, pageLoad: 300000, script: 30000}, unhandledPromptBehavior: dismiss and notify, webauthn:extension:credBlob: true, webauthn:extension:largeBlob: true, webauthn:virtualAuthenticators: true}
Session ID: e1f3bec0672db9ce49458679492a9f27
at org.openqa.selenium.remote.codec.w3c.W3CHttpResponseCodec.createException(W3CHttpResponseCodec.java:200)
at org.openqa.selenium.remote.codec.w3c.W3CHttpResponseCodec.decode(W3CHttpResponseCodec.java:133)
at org.openqa.selenium.remote.codec.w3c.W3CHttpResponseCodec.decode(W3CHttpResponseCodec.java:53)
at org.openqa.selenium.remote.HttpCommandExecutor.execute(HttpCommandExecutor.java:184)
at org.openqa.selenium.remote.service.DriverCommandExecutor.invokeExecute(DriverCommandExecutor.java:167)
at org.openqa.selenium.remote.service.DriverCommandExecutor.execute(DriverCommandExecutor.java:142)
at org.openqa.selenium.remote.RemoteWebDriver.execute(RemoteWebDriver.java:535)
at org.openqa.selenium.remote.RemoteWebDriver.execute(RemoteWebDriver.java:590)
at org.openqa.selenium.remote.RemoteWebDriver.execute(RemoteWebDriver.java:594)
at org.openqa.selenium.remote.RemoteWebDriver$RemoteWebDriverOptions$RemoteWindow.maximize(RemoteWebDriver.java:946)
at testNG.MyshaaJob.launchTheBrowser(MyshaaJob.java:28)
... Removed 24 stack frames]]>
    </failure>
  </testcase> <!-- @BeforeSuite launchTheBrowser -->
  <testcase classname="testNG.Myshaa" name="LoginPage" time="0.0">
    <skipped/>
  </testcase> <!-- LoginPage -->
  <testcase classname="testNG.Myshaa" name="companyPage" time="0.0">
    <skipped/>
  </testcase> <!-- companyPage -->
  <testcase classname="testNG.Myshaa" name="dynamic" time="0.0">
    <skipped/>
  </testcase> <!-- dynamic -->
  <testcase classname="testNG.MyshaaJob" name="LoginPage" time="0.0">
    <skipped/>
  </testcase> <!-- LoginPage -->
  <testcase classname="testNG.MyshaaJob" name="jobPage" time="0.0">
    <skipped/>
  </testcase> <!-- jobPage -->
  <testcase classname="testNG.MyshaaJob" name="createButton" time="0.0">
    <skipped/>
  </testcase> <!-- createButton -->
  <testcase classname="testNG.MyshaaJob" name="company" time="0.0">
    <skipped/>
  </testcase> <!-- company -->
  <testcase classname="testNG.MyshaaJob" name="jobTittle" time="0.0">
    <skipped/>
  </testcase> <!-- jobTittle -->
  <testcase classname="testNG.MyshaaJob" name="jobRole" time="0.0">
    <skipped/>
  </testcase> <!-- jobRole -->
  <testcase classname="testNG.MyshaaJob" name="jobDescription" time="0.0">
    <skipped/>
  </testcase> <!-- jobDescription -->
  <testcase classname="testNG.MyshaaJob" name="primary" time="0.0">
    <skipped/>
  </testcase> <!-- primary -->
  <testcase classname="testNG.MyshaaJob" name="secondarySkills" time="0.0">
    <skipped/>
  </testcase> <!-- secondarySkills -->
  <testcase classname="testNG.MyshaaJob" name="otherSkills" time="0.0">
    <skipped/>
  </testcase> <!-- otherSkills -->
  <testcase classname="testNG.MyshaaJob" name="jobLocation" time="0.0">
    <skipped/>
  </testcase> <!-- jobLocation -->
  <testcase classname="testNG.MyshaaJob" name="calendar" time="0.0">
    <skipped/>
  </testcase> <!-- calendar -->
  <testcase classname="testNG.MyshaaJob" name="cadidatesReq" time="0.0">
    <skipped/>
  </testcase> <!-- cadidatesReq -->
  <testcase classname="testNG.MyshaaJob" name="workExprience" time="0.0">
    <skipped/>
  </testcase> <!-- workExprience -->
  <testcase classname="testNG.MyshaaJob" name="salaryRange" time="0.0">
    <skipped/>
  </testcase> <!-- salaryRange -->
  <testcase classname="testNG.MyshaaJob" name="industry" time="0.0">
    <skipped/>
  </testcase> <!-- industry -->
  <testcase classname="testNG.MyshaaJob" name="save" time="0.0">
    <skipped/>
  </testcase> <!-- save -->
</testsuite> <!-- functional -->
